\BOOKMARK [1][-]{section.1}{Voorkennis}{}% 1
\BOOKMARK [1][-]{section.2}{De Opdracht}{}% 2
\BOOKMARK [1][-]{section.3}{Projectactiviteiten}{}% 3
\BOOKMARK [1][-]{section.4}{Grenzen}{}% 4
\BOOKMARK [1][-]{section.5}{Deelproducten}{}% 5
\BOOKMARK [1][-]{section.6}{Kwaliteitsbewaking}{}% 6
\BOOKMARK [1][-]{section.7}{De Projectorganisatie}{}% 7
\BOOKMARK [1][-]{section.8}{Planning}{}% 8
\BOOKMARK [1][-]{section.9}{Kosten en baten}{}% 9
\BOOKMARK [1][-]{section.10}{Risico's}{}% 10
\BOOKMARK [1][-]{section.11}{Bronnen}{}% 11
\BOOKMARK [1][-]{section.12}{Achtergrond}{}% 12
\BOOKMARK [1][-]{section.13}{De Opdracht}{}% 13
\BOOKMARK [1][-]{section.14}{Projectactiviteiten}{}% 14
\BOOKMARK [1][-]{section.15}{Grenzen}{}% 15
\BOOKMARK [1][-]{section.16}{Deelproducten}{}% 16
\BOOKMARK [1][-]{section.17}{Kwaliteitsbewaking}{}% 17
\BOOKMARK [1][-]{section.18}{De Projectorganisatie}{}% 18
\BOOKMARK [1][-]{section.19}{Planning}{}% 19
\BOOKMARK [1][-]{section.20}{Kosten en baten}{}% 20
\BOOKMARK [1][-]{section.21}{Risico's}{}% 21
\BOOKMARK [1][-]{section.22}{Bronnen}{}% 22
\BOOKMARK [1][-]{section.23}{Bijlagen}{}% 23
