\BOOKMARK [1][-]{section.1}{Domotica}{}% 1
\BOOKMARK [1][-]{section.2}{Web applicatie}{}% 2
\BOOKMARK [1][-]{section.3}{Hindernissen}{}% 3
\BOOKMARK [2][-]{subsection.3.1}{Afwezigheid docent 'Databases'}{section.3}% 4
\BOOKMARK [2][-]{subsection.3.2}{Hashen}{section.3}% 5
\BOOKMARK [2][-]{subsection.3.3}{Cookies}{section.3}% 6
\BOOKMARK [1][-]{section.4}{Centrale vraag}{}% 7
\BOOKMARK [1][-]{section.5}{Deelvragen en onderzoeksvragen}{}% 8
\BOOKMARK [2][-]{subsection.5.1}{Dahaus}{section.5}% 9
\BOOKMARK [3][-]{subsubsection.5.1.1}{Connectie}{subsection.5.1}% 10
\BOOKMARK [3][-]{subsubsection.5.1.2}{Commando's}{subsection.5.1}% 11
\BOOKMARK [3][-]{subsubsection.5.1.3}{Problemen}{subsection.5.1}% 12
\BOOKMARK [2][-]{subsection.5.2}{Spelletjes}{section.5}% 13
\BOOKMARK [2][-]{subsection.5.3}{Tegeltjes}{section.5}% 14
\BOOKMARK [1][-]{section.6}{Verantwoording gebruikte methodes}{}% 15
\BOOKMARK [2][-]{subsection.6.1}{Create user}{section.6}% 16
\BOOKMARK [2][-]{subsection.6.2}{Inloggen}{section.6}% 17
\BOOKMARK [1][-]{section.7}{Analyse van de gegevens}{}% 18
\BOOKMARK [2][-]{subsection.7.1}{Dataverzameling}{section.7}% 19
\BOOKMARK [2][-]{subsection.7.2}{Analyse}{section.7}% 20
\BOOKMARK [2][-]{subsection.7.3}{Deelconclusie/ aanbeveling}{section.7}% 21
\BOOKMARK [1][-]{section.8}{Eindconclusie}{}% 22
\BOOKMARK [1][-]{section.9}{Aanbeveling}{}% 23
\BOOKMARK [1][-]{section.10}{bijlagen}{}% 24
