\BOOKMARK [1][-]{section.1}{Domotica}{}% 1
\BOOKMARK [1][-]{section.2}{Website bouwen}{}% 2
\BOOKMARK [1][-]{section.3}{Hindernissen}{}% 3
\BOOKMARK [2][-]{subsection.3.1}{geen database les}{section.3}% 4
\BOOKMARK [2][-]{subsection.3.2}{hashen}{section.3}% 5
\BOOKMARK [1][-]{section.4}{Centrale vraag}{}% 6
\BOOKMARK [1][-]{section.5}{Deelvragen en onderzoeksvragen}{}% 7
\BOOKMARK [2][-]{subsection.5.1}{Dahaus}{section.5}% 8
\BOOKMARK [2][-]{subsection.5.2}{spelltjes}{section.5}% 9
\BOOKMARK [2][-]{subsection.5.3}{Tegeltjes}{section.5}% 10
\BOOKMARK [1][-]{section.6}{Verantwoording gebruikte methodes}{}% 11
\BOOKMARK [2][-]{subsection.6.1}{Create user}{section.6}% 12
\BOOKMARK [2][-]{subsection.6.2}{Inloggen}{section.6}% 13
\BOOKMARK [1][-]{section.7}{Analyse van de gegevens}{}% 14
\BOOKMARK [2][-]{subsection.7.1}{Dataverzameling}{section.7}% 15
\BOOKMARK [2][-]{subsection.7.2}{Analyse}{section.7}% 16
\BOOKMARK [2][-]{subsection.7.3}{Deelconclusie/ aanbeveling}{section.7}% 17
\BOOKMARK [1][-]{section.8}{Eindconclusie}{}% 18
\BOOKMARK [1][-]{section.9}{Aanbeveling}{}% 19
\BOOKMARK [1][-]{section.10}{bijlagen}{}% 20
